[debug] [2019-10-27T15:01:17.203Z] ----------------------------------------------------------------------
[debug] [2019-10-27T15:01:17.206Z] Command:       /home/mariana/.nvm/versions/node/v12.6.0/bin/node /home/mariana/.nvm/versions/node/v12.6.0/bin/firebase serve
[debug] [2019-10-27T15:01:17.206Z] CLI Version:   7.4.0
[debug] [2019-10-27T15:01:17.206Z] Platform:      linux
[debug] [2019-10-27T15:01:17.206Z] Node Version:  v12.6.0
[debug] [2019-10-27T15:01:17.213Z] Time:          Sun Oct 27 2019 12:01:17 GMT-0300 (Brasilia Standard Time)
[debug] [2019-10-27T15:01:17.213Z] ----------------------------------------------------------------------
[debug] 
[debug] [2019-10-27T15:01:17.224Z] > command requires scopes: ["email","openid","https://www.googleapis.com/auth/cloudplatformprojects.readonly","https://www.googleapis.com/auth/firebase","https://www.googleapis.com/auth/cloud-platform"]
[debug] [2019-10-27T15:01:17.224Z] > authorizing via signed-in user
[debug] [2019-10-27T15:01:17.225Z] [iam] checking project rede-social-ams for permissions ["firebase.projects.get"]
[debug] [2019-10-27T15:01:17.227Z] >>> HTTP REQUEST POST https://cloudresourcemanager.googleapis.com/v1/projects/rede-social-ams:testIamPermissions  

[debug] [2019-10-27T15:01:18.314Z] <<< HTTP RESPONSE 200
[debug] [2019-10-27T15:01:18.318Z] >>> HTTP REQUEST GET https://firebase.googleapis.com/v1beta1/projects/rede-social-ams  
 
[debug] [2019-10-27T15:01:19.585Z] <<< HTTP RESPONSE 200
[info] 
[info] === Serving from '/home/mariana/dev/Laboratoria/SAP003-social-network'...
[info] 
[debug] [2019-10-27T15:01:19.590Z] >>> HTTP REQUEST GET https://firebase.googleapis.com/v1beta1/projects/rede-social-ams/webApps/-/config  
 
[debug] [2019-10-27T15:01:20.901Z] <<< HTTP RESPONSE 200
[info] i  hosting: Serving hosting files from: src
[info] ✔  hosting: Local server: http://localhost:5000
